<?xml version="1.0" encoding="UTF-8"?>
<testsuites name="Map_Controller_API" time="5" tests="1" failures="0" errors="0">
   <testsuite name="Map_Controller_API" tests="1" failures="0" errors="0" time="5" timestamp="2019-07-16 17:27:28" hostname="khaja.h - LP-5CD7465GP0.HCLT.CORP.HCL.IN" id="Test Suites/Map_Controller_API">
      <properties>
         <property name="deviceName" value=""/>
         <property name="devicePlatform" value=""/>
         <property name="logFolder" value="C:\\Users\\khaja.h\\Katalon Studio\\ADDI_Project\\Reports\\Map_Controller_API\\20190716_172717"/>
         <property name="logFiles" value="C:\\Users\\khaja.h\\Katalon Studio\\ADDI_Project\\Reports\\Map_Controller_API\\20190716_172717\\execution0.log"/>
         <property name="attachments" value=""/>
         <property name="hostName" value="khaja.h - LP-5CD7465GP0.HCLT.CORP.HCL.IN"/>
         <property name="hostAddress" value="172.23.0.1"/>
         <property name="os" value="Windows 10 64bit"/>
         <property name="katalonVersion" value="5.10.1.1"/>
      </properties>
      <testcase name="Test Cases/Map_Controller_API/Map_Controller_Verify_Response_with_valid_Values" classname="Test Cases/Map_Controller_API/Map_Controller_Verify_Response_with_valid_Values" status="PASSED">
         <system-out><![CDATA[2019-07-16 17:27:29 - [TEST_CASE][PASSED] - Test Cases/Map_Controller_API/Map_Controller_Verify_Response_with_valid_Values: Test Cases/Map_Controller_API/Map_Controller_Verify_Response_with_valid_Values

2019-07-16 17:27:30 - [TEST_STEP][PASSED] - response = sendRequest(findTestObject("Map_Controller_API/Map_Controller_Verify_Response_with_valid_Values")): Send request successfully

2019-07-16 17:27:33 - [MESSAGE][INFO] - HAR: C:\Users\khaja.h\Katalon Studio\ADDI_Project\Reports\Map_Controller_API\20190716_172717\requests\main\0.har

2019-07-16 17:27:33 - [MESSAGE][PASSED] - Send request successfully

2019-07-16 17:27:33 - [TEST_STEP][PASSED] - verifyResponseStatusCode(response, 200): Verify response status code successfully

2019-07-16 17:27:33 - [MESSAGE][PASSED] - Verify response status code successfully

2019-07-16 17:27:33 - [TEST_STEP][PASSED] - verifyElementPropertyValue(response, "[0].typ", typ): Verify element property value successfully

2019-07-16 17:27:33 - [MESSAGE][PASSED] - Verify element property value successfully

2019-07-16 17:27:33 - [TEST_STEP][PASSED] - verifyElementPropertyValue(response, "[0].owner", owner): Verify element property value successfully

2019-07-16 17:27:33 - [MESSAGE][PASSED] - Verify element property value successfully

2019-07-16 17:27:33 - [TEST_STEP][PASSED] - verifyElementPropertyValue(response, "[0].language", language): Verify element property value successfully

2019-07-16 17:27:33 - [MESSAGE][PASSED] - Verify element property value successfully

2019-07-16 17:27:33 - [TEST_STEP][PASSED] - verifyElementPropertyValue(response, "[0].mapName", mapName): Verify element property value successfully

2019-07-16 17:27:33 - [MESSAGE][PASSED] - Verify element property value successfully

2019-07-16 17:27:33 - [TEST_STEP][PASSED] - verifyElementPropertyValue(response, "[0].device", device): Verify element property value successfully

2019-07-16 17:27:33 - [MESSAGE][PASSED] - Verify element property value successfully

2019-07-16 17:27:33 - [TEST_STEP][PASSED] - verifyElementPropertyValue(response, "[0].compGroup", compGroup): Verify element property value successfully

2019-07-16 17:27:34 - [MESSAGE][PASSED] - Verify element property value successfully

2019-07-16 17:27:34 - [TEST_STEP][PASSED] - verifyElementPropertyValue(response, "[0].description", description): Verify element property value successfully

2019-07-16 17:27:34 - [MESSAGE][PASSED] - Verify element property value successfully

2019-07-16 17:27:34 - [TEST_STEP][PASSED] - verifyElementPropertyValue(response, "[0].linkname", linkname): Verify element property value successfully

2019-07-16 17:27:34 - [MESSAGE][PASSED] - Verify element property value successfully

2019-07-16 17:27:34 - [TEST_STEP][PASSED] - verifyElementPropertyValue(response, "[0].type", type): Verify element property value successfully

2019-07-16 17:27:34 - [MESSAGE][PASSED] - Verify element property value successfully

2019-07-16 17:27:34 - [TEST_STEP][PASSED] - verifyElementPropertyValue(response, "[0].txn", txn): Verify element property value successfully

2019-07-16 17:27:34 - [MESSAGE][PASSED] - Verify element property value successfully

2019-07-16 17:27:34 - [TEST_STEP][PASSED] - verifyElementPropertyValue(response, "[0].extendedAttribute", extendedAttribute): Verify element property value successfully

2019-07-16 17:27:34 - [MESSAGE][PASSED] - Verify element property value successfully

2019-07-16 17:27:34 - [TEST_STEP][PASSED] - verifyElementPropertyValue(response, "[0].dynamicTxnCode", dynamicTxnCode): Verify element property value successfully

2019-07-16 17:27:34 - [MESSAGE][PASSED] - Verify element property value successfully

2019-07-16 17:27:34 - [TEST_STEP][PASSED] - verifyElementPropertyValue(response, "[0].defExtendedAttribute", defExtendedAttribute): Verify element property value successfully

2019-07-16 17:27:34 - [MESSAGE][PASSED] - Verify element property value successfully

2019-07-16 17:27:34 - [TEST_STEP][PASSED] - verifyElementPropertyValue(response, "[0].txnAttribute", txnAttribute): Verify element property value successfully

2019-07-16 17:27:34 - [MESSAGE][PASSED] - Verify element property value successfully

2019-07-16 17:27:34 - [TEST_STEP][PASSED] - verifyElementPropertyValue(response, "[0].nonPemMapIndicator", nonPemMapIndicator): Verify element property value successfully

2019-07-16 17:27:34 - [MESSAGE][PASSED] - Verify element property value successfully

2019-07-16 17:27:34 - [TEST_STEP][PASSED] - verifyElementPropertyValue(response, "[0].mapType", mapType): Verify element property value successfully

2019-07-16 17:27:34 - [MESSAGE][PASSED] - Verify element property value successfully

2019-07-16 17:27:34 - [TEST_STEP][PASSED] - verifyElementPropertyValue(response, "[0].noOfDg", noOfDg): Verify element property value successfully

2019-07-16 17:27:34 - [MESSAGE][PASSED] - Verify element property value successfully

2019-07-16 17:27:34 - [TEST_STEP][PASSED] - verifyElementPropertyValue(response, "[0].dgNumbers", dgNumbers): Verify element property value successfully

2019-07-16 17:27:34 - [MESSAGE][PASSED] - Verify element property value successfully]]></system-out>
         <system-err><![CDATA[]]></system-err>
      </testcase>
      <system-out><![CDATA[2019-07-16 17:27:28 - [TEST_SUITE][PASSED] - Map_Controller_API: Test Cases/Map_Controller_API/Map_Controller_Verify_Response_with_valid_Values]]></system-out>
      <system-err><![CDATA[]]></system-err>
   </testsuite>
</testsuites>
