<?xml version="1.0" encoding="UTF-8"?>
<testsuites name="Fps_Controller_API" time="6" tests="1" failures="0" errors="0">
   <testsuite name="Fps_Controller_API" tests="1" failures="0" errors="0" time="6" timestamp="2019-07-16 17:07:10" hostname="khaja.h - LP-5CD7465GP0.HCLT.CORP.HCL.IN" id="Test Suites/Fps_Controller_API">
      <properties>
         <property name="deviceName" value=""/>
         <property name="devicePlatform" value=""/>
         <property name="logFolder" value="C:\\Users\\khaja.h\\Katalon Studio\\ADDI_Project\\Reports\\Fps_Controller_API\\20190716_170659"/>
         <property name="logFiles" value="C:\\Users\\khaja.h\\Katalon Studio\\ADDI_Project\\Reports\\Fps_Controller_API\\20190716_170659\\execution0.log"/>
         <property name="attachments" value=""/>
         <property name="hostName" value="khaja.h - LP-5CD7465GP0.HCLT.CORP.HCL.IN"/>
         <property name="hostAddress" value="172.23.0.1"/>
         <property name="os" value="Windows 10 64bit"/>
         <property name="katalonVersion" value="5.10.1.1"/>
      </properties>
      <testcase name="Test Cases/Fps_Controller_API/Fps_Controller_Verify_Response_with_valid_Values" classname="Test Cases/Fps_Controller_API/Fps_Controller_Verify_Response_with_valid_Values" status="PASSED">
         <system-out><![CDATA[2019-07-16 17:07:10 - [TEST_CASE][PASSED] - Test Cases/Fps_Controller_API/Fps_Controller_Verify_Response_with_valid_Values: Test Cases/Fps_Controller_API/Fps_Controller_Verify_Response_with_valid_Values

2019-07-16 17:07:11 - [TEST_STEP][PASSED] - response = sendRequest(findTestObject("Fps_Controller_API/Fps_Controller_Verify_Response_with_valid_Values")): Send request successfully

2019-07-16 17:07:14 - [MESSAGE][INFO] - HAR: C:\Users\khaja.h\Katalon Studio\ADDI_Project\Reports\Fps_Controller_API\20190716_170659\requests\main\0.har

2019-07-16 17:07:14 - [MESSAGE][PASSED] - Send request successfully

2019-07-16 17:07:14 - [TEST_STEP][PASSED] - verifyResponseStatusCode(response, 200): Verify response status code successfully

2019-07-16 17:07:14 - [MESSAGE][PASSED] - Verify response status code successfully

2019-07-16 17:07:14 - [TEST_STEP][PASSED] - verifyElementPropertyValue(response, "[0].type", type): Verify element property value successfully

2019-07-16 17:07:14 - [MESSAGE][PASSED] - Verify element property value successfully

2019-07-16 17:07:14 - [TEST_STEP][PASSED] - verifyElementPropertyValue(response, "[0].owner", owner): Verify element property value successfully

2019-07-16 17:07:15 - [MESSAGE][PASSED] - Verify element property value successfully

2019-07-16 17:07:15 - [TEST_STEP][PASSED] - verifyElementPropertyValue(response, "[0].application", application): Verify element property value successfully

2019-07-16 17:07:15 - [MESSAGE][PASSED] - Verify element property value successfully

2019-07-16 17:07:15 - [TEST_STEP][PASSED] - verifyElementPropertyValue(response, "[0].function", function): Verify element property value successfully

2019-07-16 17:07:15 - [MESSAGE][PASSED] - Verify element property value successfully

2019-07-16 17:07:15 - [TEST_STEP][PASSED] - verifyElementPropertyValue(response, "[0].sequence", sequence): Verify element property value successfully

2019-07-16 17:07:15 - [MESSAGE][PASSED] - Verify element property value successfully

2019-07-16 17:07:15 - [TEST_STEP][PASSED] - verifyElementPropertyValue(response, "[0].screenId", screenId): Verify element property value successfully

2019-07-16 17:07:15 - [MESSAGE][PASSED] - Verify element property value successfully

2019-07-16 17:07:15 - [TEST_STEP][PASSED] - verifyElementPropertyValue(response, "[0].description", description): Verify element property value successfully

2019-07-16 17:07:15 - [MESSAGE][PASSED] - Verify element property value successfully

2019-07-16 17:07:15 - [TEST_STEP][PASSED] - verifyElementPropertyValue(response, "[0].statusCode", statusCode): Verify element property value successfully

2019-07-16 17:07:15 - [MESSAGE][PASSED] - Verify element property value successfully

2019-07-16 17:07:15 - [TEST_STEP][PASSED] - verifyElementPropertyValue(response, "[0].dgAction", dgAction): Verify element property value successfully

2019-07-16 17:07:15 - [MESSAGE][PASSED] - Verify element property value successfully

2019-07-16 17:07:15 - [TEST_STEP][PASSED] - verifyElementPropertyValue(response, "[0].initActivity", initActivity): Verify element property value successfully

2019-07-16 17:07:15 - [MESSAGE][PASSED] - Verify element property value successfully

2019-07-16 17:07:15 - [TEST_STEP][PASSED] - verifyElementPropertyValue(response, "[0].initType", initType): Verify element property value successfully

2019-07-16 17:07:15 - [MESSAGE][PASSED] - Verify element property value successfully

2019-07-16 17:07:15 - [TEST_STEP][PASSED] - verifyElementPropertyValue(response, "[0].displayFirst", displayFirst): Verify element property value successfully

2019-07-16 17:07:15 - [MESSAGE][PASSED] - Verify element property value successfully

2019-07-16 17:07:15 - [TEST_STEP][PASSED] - verifyElementPropertyValue(response, "[0].displayActivity", displayActivity): Verify element property value successfully

2019-07-16 17:07:15 - [MESSAGE][PASSED] - Verify element property value successfully

2019-07-16 17:07:15 - [TEST_STEP][PASSED] - verifyElementPropertyValue(response, "[0].dblockActivity", dblockActivity): Verify element property value successfully

2019-07-16 17:07:15 - [MESSAGE][PASSED] - Verify element property value successfully

2019-07-16 17:07:15 - [TEST_STEP][PASSED] - verifyElementPropertyValue(response, "[0].linkactivity", linkactivity): Verify element property value successfully

2019-07-16 17:07:15 - [MESSAGE][PASSED] - Verify element property value successfully

2019-07-16 17:07:15 - [TEST_STEP][PASSED] - verifyElementPropertyValue(response, "[0].userEnrollment", userEnrollment): Verify element property value successfully

2019-07-16 17:07:15 - [MESSAGE][PASSED] - Verify element property value successfully

2019-07-16 17:07:15 - [TEST_STEP][PASSED] - verifyElementPropertyValue(response, "[0].establishedNewLevel", establishedNewLevel): Verify element property value successfully

2019-07-16 17:07:15 - [MESSAGE][PASSED] - Verify element property value successfully

2019-07-16 17:07:15 - [TEST_STEP][PASSED] - verifyElementPropertyValue(response, "[0].fpskeyApplication", fpskeyApplication): Verify element property value successfully

2019-07-16 17:07:15 - [MESSAGE][PASSED] - Verify element property value successfully

2019-07-16 17:07:15 - [TEST_STEP][PASSED] - verifyElementPropertyValue(response, "[0].fpskeyFunction", fpskeyFunction): Verify element property value successfully

2019-07-16 17:07:15 - [MESSAGE][PASSED] - Verify element property value successfully

2019-07-16 17:07:15 - [TEST_STEP][PASSED] - verifyElementPropertyValue(response, "[0].fpskeySequence", fpskeySequence): Verify element property value successfully

2019-07-16 17:07:15 - [MESSAGE][PASSED] - Verify element property value successfully

2019-07-16 17:07:15 - [TEST_STEP][PASSED] - verifyElementPropertyValue(response, "[0].highUseIndicator", highUseIndicator): Verify element property value successfully

2019-07-16 17:07:15 - [MESSAGE][PASSED] - Verify element property value successfully

2019-07-16 17:07:15 - [TEST_STEP][PASSED] - verifyElementPropertyValue(response, "[0].efskey", efskey): Verify element property value successfully

2019-07-16 17:07:16 - [MESSAGE][PASSED] - Verify element property value successfully

2019-07-16 17:07:16 - [TEST_STEP][PASSED] - verifyElementPropertyValue(response, "[0].efsaction", efsaction): Verify element property value successfully

2019-07-16 17:07:16 - [MESSAGE][PASSED] - Verify element property value successfully

2019-07-16 17:07:16 - [TEST_STEP][PASSED] - verifyElementPropertyValue(response, "[0].functionSecurityLevel", functionSecurityLevel): Verify element property value successfully

2019-07-16 17:07:16 - [MESSAGE][PASSED] - Verify element property value successfully]]></system-out>
         <system-err><![CDATA[]]></system-err>
      </testcase>
      <system-out><![CDATA[2019-07-16 17:07:10 - [TEST_SUITE][PASSED] - Fps_Controller_API: Test Cases/Fps_Controller_API/Fps_Controller_Verify_Response_with_valid_Values]]></system-out>
      <system-err><![CDATA[]]></system-err>
   </testsuite>
</testsuites>
